<?xml version="1.0" encoding="UTF-8"?>
<!-- Generated by org.testng.reporters.JUnitReportReporter -->
<testsuite skipped="0" hostname="WKWIN8899210" name="com.framework.qa.testcases.ValidateSearchPageTestCases" tests="1" failures="0" timestamp="2022-05-19T21:19:51 IST" time="12.383" errors="0">
  <testcase name="validateMovieReleaseDateAndCountry" time="12.383" classname="com.framework.qa.testcases.ValidateSearchPageTestCases"/>
  <system-out/>
</testsuite> <!-- com.framework.qa.testcases.ValidateSearchPageTestCases -->
